<?xml version="1.0" encoding="UTF-8"?>
<coverage generated="1698799581417" clover="3.2.0">
  <project timestamp="1698799581417" name="All files">
    <metrics statements="22" coveredstatements="22" conditionals="0" coveredconditionals="0" methods="7" coveredmethods="7" elements="29" coveredelements="29" complexity="0" loc="22" ncloc="22" packages="1" files="4" classes="4"/>
    <file name="Circle.js" path="C:\Users\Hy\Bootcamp\Course_Content\Challenges\SVG-logo-maker\lib\Circle.js">
      <metrics statements="6" coveredstatements="6" conditionals="0" coveredconditionals="0" methods="2" coveredmethods="2"/>
      <line num="9" count="1" type="stmt"/>
      <line num="13" count="1" type="stmt"/>
      <line num="17" count="1" type="stmt"/>
      <line num="19" count="1" type="stmt"/>
      <line num="25" count="1" type="stmt"/>
      <line num="28" count="1" type="stmt"/>
    </file>
    <file name="Shape.js" path="C:\Users\Hy\Bootcamp\Course_Content\Challenges\SVG-logo-maker\lib\Shape.js">
      <metrics statements="4" coveredstatements="4" conditionals="0" coveredconditionals="0" methods="1" coveredmethods="1"/>
      <line num="5" count="3" type="stmt"/>
      <line num="6" count="3" type="stmt"/>
      <line num="7" count="3" type="stmt"/>
      <line num="11" count="3" type="stmt"/>
    </file>
    <file name="Square.js" path="C:\Users\Hy\Bootcamp\Course_Content\Challenges\SVG-logo-maker\lib\Square.js">
      <metrics statements="6" coveredstatements="6" conditionals="0" coveredconditionals="0" methods="2" coveredmethods="2"/>
      <line num="9" count="1" type="stmt"/>
      <line num="13" count="1" type="stmt"/>
      <line num="17" count="1" type="stmt"/>
      <line num="19" count="1" type="stmt"/>
      <line num="25" count="1" type="stmt"/>
      <line num="28" count="1" type="stmt"/>
    </file>
    <file name="Triangle.js" path="C:\Users\Hy\Bootcamp\Course_Content\Challenges\SVG-logo-maker\lib\Triangle.js">
      <metrics statements="6" coveredstatements="6" conditionals="0" coveredconditionals="0" methods="2" coveredmethods="2"/>
      <line num="9" count="1" type="stmt"/>
      <line num="13" count="1" type="stmt"/>
      <line num="17" count="1" type="stmt"/>
      <line num="19" count="1" type="stmt"/>
      <line num="25" count="1" type="stmt"/>
      <line num="28" count="1" type="stmt"/>
    </file>
  </project>
</coverage>
