{"C:\\Users\\Hy\\Bootcamp\\Course_Content\\Challenges\\SVG-logo-maker\\lib\\Circle.js": {"path":"C:\\Users\\Hy\\Bootcamp\\Course_Content\\Challenges\\SVG-logo-maker\\lib\\Circle.js","statementMap":{"0":{"start":{"line":9,"column":18},"end":{"line":9,"column":40}},"1":{"start":{"line":13,"column":8},"end":{"line":13,"column":45}},"2":{"start":{"line":17,"column":16},"end":{"line":17,"column":70}},"3":{"start":{"line":19,"column":12},"end":{"line":24,"column":1}},"4":{"start":{"line":25,"column":0},"end":{"line":25,"column":11}},"5":{"start":{"line":28,"column":0},"end":{"line":28,"column":29}}},"fnMap":{"0":{"name":"renderSVG","decl":{"start":{"line":7,"column":9},"end":{"line":7,"column":18}},"loc":{"start":{"line":7,"column":62},"end":{"line":26,"column":1}},"line":7},"1":{"name":"(anonymous_1)","decl":{"start":{"line":12,"column":4},"end":{"line":12,"column":5}},"loc":{"start":{"line":12,"column":48},"end":{"line":14,"column":5}},"line":12}},"branchMap":{},"s":{"0":1,"1":1,"2":1,"3":1,"4":1,"5":1},"f":{"0":1,"1":1},"b":{},"_coverageSchema":"1a1c01bbd47fc00a2c39e90264f33305004495a9","hash":"a67d975c92d5fa8bc078af61fc0bb062e5a3ccff"}
,"C:\\Users\\Hy\\Bootcamp\\Course_Content\\Challenges\\SVG-logo-maker\\lib\\Shape.js": {"path":"C:\\Users\\Hy\\Bootcamp\\Course_Content\\Challenges\\SVG-logo-maker\\lib\\Shape.js","statementMap":{"0":{"start":{"line":5,"column":8},"end":{"line":5,"column":39}},"1":{"start":{"line":6,"column":8},"end":{"line":6,"column":25}},"2":{"start":{"line":7,"column":8},"end":{"line":7,"column":37}},"3":{"start":{"line":11,"column":0},"end":{"line":11,"column":23}}},"fnMap":{"0":{"name":"(anonymous_0)","decl":{"start":{"line":4,"column":4},"end":{"line":4,"column":5}},"loc":{"start":{"line":4,"column":47},"end":{"line":8,"column":5}},"line":4}},"branchMap":{},"s":{"0":3,"1":3,"2":3,"3":3},"f":{"0":3},"b":{},"_coverageSchema":"1a1c01bbd47fc00a2c39e90264f33305004495a9","hash":"da28d4b5a9202c614bbe24f2219d9761c2a9ef1c"}
,"C:\\Users\\Hy\\Bootcamp\\Course_Content\\Challenges\\SVG-logo-maker\\lib\\Square.js": {"path":"C:\\Users\\Hy\\Bootcamp\\Course_Content\\Challenges\\SVG-logo-maker\\lib\\Square.js","statementMap":{"0":{"start":{"line":9,"column":18},"end":{"line":9,"column":40}},"1":{"start":{"line":13,"column":8},"end":{"line":13,"column":45}},"2":{"start":{"line":17,"column":16},"end":{"line":17,"column":70}},"3":{"start":{"line":19,"column":12},"end":{"line":24,"column":1}},"4":{"start":{"line":25,"column":0},"end":{"line":25,"column":11}},"5":{"start":{"line":28,"column":0},"end":{"line":28,"column":29}}},"fnMap":{"0":{"name":"renderSVG","decl":{"start":{"line":7,"column":9},"end":{"line":7,"column":18}},"loc":{"start":{"line":7,"column":62},"end":{"line":26,"column":1}},"line":7},"1":{"name":"(anonymous_1)","decl":{"start":{"line":12,"column":4},"end":{"line":12,"column":5}},"loc":{"start":{"line":12,"column":48},"end":{"line":14,"column":5}},"line":12}},"branchMap":{},"s":{"0":1,"1":1,"2":1,"3":1,"4":1,"5":1},"f":{"0":1,"1":1},"b":{},"_coverageSchema":"1a1c01bbd47fc00a2c39e90264f33305004495a9","hash":"bf5fc8763ea39f793b4509a96c127d95048cd458"}
,"C:\\Users\\Hy\\Bootcamp\\Course_Content\\Challenges\\SVG-logo-maker\\lib\\Triangle.js": {"path":"C:\\Users\\Hy\\Bootcamp\\Course_Content\\Challenges\\SVG-logo-maker\\lib\\Triangle.js","statementMap":{"0":{"start":{"line":9,"column":18},"end":{"line":9,"column":40}},"1":{"start":{"line":13,"column":12},"end":{"line":13,"column":49}},"2":{"start":{"line":17,"column":20},"end":{"line":17,"column":76}},"3":{"start":{"line":19,"column":16},"end":{"line":24,"column":1}},"4":{"start":{"line":25,"column":0},"end":{"line":25,"column":11}},"5":{"start":{"line":28,"column":0},"end":{"line":28,"column":29}}},"fnMap":{"0":{"name":"renderSVG","decl":{"start":{"line":7,"column":9},"end":{"line":7,"column":18}},"loc":{"start":{"line":7,"column":62},"end":{"line":26,"column":1}},"line":7},"1":{"name":"(anonymous_1)","decl":{"start":{"line":12,"column":8},"end":{"line":12,"column":9}},"loc":{"start":{"line":12,"column":52},"end":{"line":14,"column":9}},"line":12}},"branchMap":{},"s":{"0":1,"1":1,"2":1,"3":1,"4":1,"5":1},"f":{"0":1,"1":1},"b":{},"_coverageSchema":"1a1c01bbd47fc00a2c39e90264f33305004495a9","hash":"8eb7e2fecc30990c1c3c4fee9b6754beacc123f5"}
}
